app/build/outputs/logs/manifest-merger-release-report.txt
-- Merging decision tree log ---
manifest
ADDED from src\main\AndroidManifest.xml:1:1-268:12
	package
		ADDED from src\main\AndroidManifest.xml:3:5-27
		INJECTED from src\main\AndroidManifest.xml
		INJECTED from src\main\AndroidManifest.xml
	android:versionName
		ADDED from src\main\AndroidManifest.xml:5:5-30
		INJECTED from src\main\AndroidManifest.xml
		INJECTED from src\main\AndroidManifest.xml
	xmlns:tools
		ADDED from src\main\AndroidManifest.xml:2:5-51
	android:versionCode
		ADDED from src\main\AndroidManifest.xml:4:5-28
		INJECTED from src\main\AndroidManifest.xml
		INJECTED from src\main\AndroidManifest.xml
	xmlns:android
		ADDED from src\main\AndroidManifest.xml:1:11-69
uses-sdk
ADDED from src\main\AndroidManifest.xml:7:5-9:41
MERGED from [com.android.support:multidex:1.0.1] AndroidManifest.xml:18:5-42
MERGED from [com.facebook.android:facebook-android-sdk:4.16.0] AndroidManifest.xml:24:5-26:41
MERGED from [com.android.support:support-v4:23.4.0] AndroidManifest.xml:20:5-43
MERGED from [com.android.support:appcompat-v7:23.4.0] AndroidManifest.xml:21:5-23:78
MERGED from [com.android.support:animated-vector-drawable:23.4.0] AndroidManifest.xml:5:5-44
MERGED from [com.android.support:support-vector-drawable:23.4.0] AndroidManifest.xml:5:5-43
MERGED from [com.android.support:cardview-v7:23.4.0] AndroidManifest.xml:20:5-43
MERGED from [com.android.support:customtabs:23.4.0] AndroidManifest.xml:20:5-44
MERGED from [SensibleWallet:appGradeLib:unspecified] AndroidManifest.xml:7:5-9:41
MERGED from [SensibleWallet:googleplayserviceslib:unspecified] AndroidManifest.xml:23:5-25:41
MERGED from [com.android.support:design:23.4.0] AndroidManifest.xml:20:5-43
MERGED from [com.android.support:recyclerview-v7:23.4.0] AndroidManifest.xml:20:5-43
MERGED from [SensibleWallet:unity-ads:unspecified] AndroidManifest.xml:8:5-43
	tools:overrideLibrary
		ADDED from [com.android.support:appcompat-v7:23.4.0] AndroidManifest.xml:23:9-75
	android:targetSdkVersion
		ADDED from src\main\AndroidManifest.xml:9:9-38
		INJECTED from src\main\AndroidManifest.xml
		INJECTED from src\main\AndroidManifest.xml
	android:minSdkVersion
		ADDED from src\main\AndroidManifest.xml:8:9-35
		INJECTED from src\main\AndroidManifest.xml
		INJECTED from src\main\AndroidManifest.xml
uses-permission#android.permission.INTERNET
ADDED from src\main\AndroidManifest.xml:11:5-67
MERGED from [SensibleWallet:unity-ads:unspecified] AndroidManifest.xml:11:5-67
	android:name
		ADDED from src\main\AndroidManifest.xml:11:22-64
uses-permission#android.permission.ACCESS_NETWORK_STATE
ADDED from src\main\AndroidManifest.xml:12:5-79
MERGED from [SensibleWallet:unity-ads:unspecified] AndroidManifest.xml:10:5-79
	android:name
		ADDED from src\main\AndroidManifest.xml:12:22-76
uses-permission#android.permission.ACCESS_WIFI_STATE
ADDED from src\main\AndroidManifest.xml:13:5-75
	android:name
		ADDED from src\main\AndroidManifest.xml:13:22-73
uses-permission#android.permission.WRITE_EXTERNAL_STORAGE
ADDED from src\main\AndroidManifest.xml:14:5-81
	android:name
		ADDED from src\main\AndroidManifest.xml:14:22-78
uses-permission#android.permission.ACCESS_FINE_LOCATION
ADDED from src\main\AndroidManifest.xml:15:5-79
	android:name
		ADDED from src\main\AndroidManifest.xml:15:22-76
uses-permission#android.permission.WAKE_LOCK
ADDED from src\main\AndroidManifest.xml:16:5-68
	android:name
		ADDED from src\main\AndroidManifest.xml:16:22-65
uses-permission#com.google.android.c2dm.permission.RECEIVE
ADDED from src\main\AndroidManifest.xml:17:5-82
	android:name
		ADDED from src\main\AndroidManifest.xml:17:22-79
uses-permission#android.permission.READ_PHONE_STATE
ADDED from src\main\AndroidManifest.xml:18:5-75
	android:name
		ADDED from src\main\AndroidManifest.xml:18:22-72
uses-permission#android.permission.GET_ACCOUNTS
ADDED from src\main\AndroidManifest.xml:19:5-71
	android:name
		ADDED from src\main\AndroidManifest.xml:19:22-68
uses-permission#android.permission.USE_CREDENTIALS
ADDED from src\main\AndroidManifest.xml:20:5-74
	android:name
		ADDED from src\main\AndroidManifest.xml:20:22-71
uses-permission#android.permission.GET_TASKS
ADDED from src\main\AndroidManifest.xml:22:5-68
	android:name
		ADDED from src\main\AndroidManifest.xml:22:22-65
uses-permission#android.permission.ACCESS_COARSE_LOCATION
ADDED from src\main\AndroidManifest.xml:23:5-80
	android:name
		ADDED from src\main\AndroidManifest.xml:23:22-78
uses-permission#android.permission.SYSTEM_ALERT_WINDOW
ADDED from src\main\AndroidManifest.xml:25:5-78
	android:name
		ADDED from src\main\AndroidManifest.xml:25:22-75
uses-permission#com.android.launcher.permission.INSTALL_SHORTCUT
ADDED from src\main\AndroidManifest.xml:27:5-88
	android:name
		ADDED from src\main\AndroidManifest.xml:27:22-85
permission#com.cashmobi.permission.C2D_MESSAGE
ADDED from src\main\AndroidManifest.xml:29:5-31:47
	android:protectionLevel
		ADDED from src\main\AndroidManifest.xml:31:9-44
	android:name
		ADDED from src\main\AndroidManifest.xml:30:9-59
application
ADDED from src\main\AndroidManifest.xml:33:5-266:19
REJECTED from [com.facebook.android:facebook-android-sdk:4.16.0] AndroidManifest.xml:28:5-38:19
REJECTED from [com.android.support:support-v4:23.4.0] AndroidManifest.xml:22:5-20
REJECTED from [com.android.support:appcompat-v7:23.4.0] AndroidManifest.xml:25:5-20
REJECTED from [com.android.support:animated-vector-drawable:23.4.0] AndroidManifest.xml:7:5-20
REJECTED from [com.android.support:support-vector-drawable:23.4.0] AndroidManifest.xml:7:5-20
REJECTED from [com.android.support:cardview-v7:23.4.0] AndroidManifest.xml:22:5-20
REJECTED from [com.android.support:customtabs:23.4.0] AndroidManifest.xml:22:5-20
REJECTED from [SensibleWallet:appGradeLib:unspecified] AndroidManifest.xml:11:5-14:19
REJECTED from [SensibleWallet:googleplayserviceslib:unspecified] AndroidManifest.xml:27:5-20
REJECTED from [com.android.support:design:23.4.0] AndroidManifest.xml:22:5-20
REJECTED from [SensibleWallet:unity-ads:unspecified] AndroidManifest.xml:13:5-20:19
	tools:node
		ADDED from src\main\AndroidManifest.xml:38:9-29
	android:label
		ADDED from src\main\AndroidManifest.xml:36:9-41
	android:windowSoftInputMode
		ADDED from src\main\AndroidManifest.xml:41:9-56
	android:allowBackup
		ADDED from src\main\AndroidManifest.xml:34:9-35
	android:icon
		ADDED from src\main\AndroidManifest.xml:35:9-45
	android:largeHeap
		ADDED from src\main\AndroidManifest.xml:37:9-33
	android:theme
		ADDED from src\main\AndroidManifest.xml:39:9-40
	android:name
		ADDED from src\main\AndroidManifest.xml:40:9-50
activity#com.chartboost.sdk.CBImpressionActivity
ADDED from src\main\AndroidManifest.xml:42:9-46:77
	android:excludeFromRecents
		ADDED from src\main\AndroidManifest.xml:43:13-46
	android:hardwareAccelerated
		ADDED from src\main\AndroidManifest.xml:44:13-47
	android:configChanges
		ADDED from src\main\AndroidManifest.xml:46:13-74
	android:theme
		ADDED from src\main\AndroidManifest.xml:45:13-83
	android:name
		ADDED from src\main\AndroidManifest.xml:42:19-73
meta-data#applovin.sdk.key
ADDED from src\main\AndroidManifest.xml:48:9-49:57
	android:value
		ADDED from src\main\AndroidManifest.xml:49:13-53
	android:name
		ADDED from src\main\AndroidManifest.xml:48:20-51
meta-data#com.revmob.app.id
ADDED from src\main\AndroidManifest.xml:50:9-94
	android:value
		ADDED from src\main\AndroidManifest.xml:50:53-92
	android:name
		ADDED from src\main\AndroidManifest.xml:50:20-52
activity#com.revmob.FullscreenActivity
ADDED from src\main\AndroidManifest.xml:52:9-55:20
	android:configChanges
		ADDED from src\main\AndroidManifest.xml:54:13-63
	android:theme
		ADDED from src\main\AndroidManifest.xml:53:13-61
	android:name
		ADDED from src\main\AndroidManifest.xml:52:19-63
activity#com.applovin.adview.AppLovinInterstitialActivity
ADDED from src\main\AndroidManifest.xml:56:9-85
	android:name
		ADDED from src\main\AndroidManifest.xml:56:19-82
activity#com.applovin.adview.AppLovinConfirmationActivity
ADDED from src\main\AndroidManifest.xml:57:9-85
	android:name
		ADDED from src\main\AndroidManifest.xml:57:19-82
activity#com.cashmobi.ActivitySplashScreen
ADDED from src\main\AndroidManifest.xml:58:9-67:20
	android:label
		ADDED from src\main\AndroidManifest.xml:60:13-45
	android:theme
		ADDED from src\main\AndroidManifest.xml:61:13-44
	android:name
		ADDED from src\main\AndroidManifest.xml:59:13-61
intent-filter#android.intent.action.MAIN+android.intent.category.LAUNCHER
ADDED from src\main\AndroidManifest.xml:62:13-66:29
action#android.intent.action.MAIN
ADDED from src\main\AndroidManifest.xml:63:17-69
	android:name
		ADDED from src\main\AndroidManifest.xml:63:25-66
category#android.intent.category.LAUNCHER
ADDED from src\main\AndroidManifest.xml:65:17-77
	android:name
		ADDED from src\main\AndroidManifest.xml:65:27-74
activity#com.cashmobi.ActivityLogin
ADDED from src\main\AndroidManifest.xml:68:9-73:20
	android:label
		ADDED from src\main\AndroidManifest.xml:70:13-57
	android:windowSoftInputMode
		ADDED from src\main\AndroidManifest.xml:72:13-60
	android:theme
		ADDED from src\main\AndroidManifest.xml:71:13-44
	android:name
		ADDED from src\main\AndroidManifest.xml:69:13-54
activity#com.cashmobi.ActivityRegister
ADDED from src\main\AndroidManifest.xml:74:9-80:20
	android:screenOrientation
		ADDED from src\main\AndroidManifest.xml:77:13-49
	android:label
		ADDED from src\main\AndroidManifest.xml:76:13-57
	android:windowSoftInputMode
		ADDED from src\main\AndroidManifest.xml:79:13-60
	android:theme
		ADDED from src\main\AndroidManifest.xml:78:13-44
	android:name
		ADDED from src\main\AndroidManifest.xml:75:13-57
activity#com.cashmobi.ActivityMainWallet
ADDED from src\main\AndroidManifest.xml:81:9-89:20
	android:clearTaskOnLaunch
		ADDED from src\main\AndroidManifest.xml:83:13-45
	android:screenOrientation
		ADDED from src\main\AndroidManifest.xml:86:13-49
	android:label
		ADDED from src\main\AndroidManifest.xml:84:13-45
	android:launchMode
		ADDED from src\main\AndroidManifest.xml:85:13-44
	android:windowSoftInputMode
		ADDED from src\main\AndroidManifest.xml:88:13-60
	android:theme
		ADDED from src\main\AndroidManifest.xml:87:13-44
	android:name
		ADDED from src\main\AndroidManifest.xml:82:13-59
activity#com.facebook.FacebookActivity
ADDED from src\main\AndroidManifest.xml:93:9-96:48
	android:label
		ADDED from src\main\AndroidManifest.xml:96:13-45
	android:configChanges
		ADDED from src\main\AndroidManifest.xml:95:13-96
	android:theme
		ADDED from src\main\AndroidManifest.xml:94:13-72
	android:name
		ADDED from src\main\AndroidManifest.xml:93:19-63
meta-data#com.facebook.sdk.ApplicationId
ADDED from src\main\AndroidManifest.xml:98:9-100:59
	android:value
		ADDED from src\main\AndroidManifest.xml:100:13-56
	android:name
		ADDED from src\main\AndroidManifest.xml:99:13-58
receiver#com.google.android.gcm.GCMBroadcastReceiver
ADDED from src\main\AndroidManifest.xml:102:9-111:20
	android:permission
		ADDED from src\main\AndroidManifest.xml:104:13-73
	android:name
		ADDED from src\main\AndroidManifest.xml:103:13-71
intent-filter#com.google.android.c2dm.intent.RECEIVE+com.google.android.c2dm.intent.REGISTRATION+com.sensiblewallet
ADDED from src\main\AndroidManifest.xml:105:13-110:29
action#com.google.android.c2dm.intent.RECEIVE
ADDED from src\main\AndroidManifest.xml:106:17-81
	android:name
		ADDED from src\main\AndroidManifest.xml:106:25-78
action#com.google.android.c2dm.intent.REGISTRATION
ADDED from src\main\AndroidManifest.xml:107:17-86
	android:name
		ADDED from src\main\AndroidManifest.xml:107:25-83
category#com.sensiblewallet
ADDED from src\main\AndroidManifest.xml:109:17-63
	android:name
		ADDED from src\main\AndroidManifest.xml:109:27-60
receiver#com.cashmobi.NotificationReciver
ADDED from src\main\AndroidManifest.xml:112:9-69
	android:name
		ADDED from src\main\AndroidManifest.xml:112:19-66
service#com.cashmobi.GCMIntentService
ADDED from src\main\AndroidManifest.xml:114:9-65
	android:name
		ADDED from src\main\AndroidManifest.xml:114:18-62
meta-data#com.google.android.gms.version
ADDED from src\main\AndroidManifest.xml:116:9-118:69
	android:value
		ADDED from src\main\AndroidManifest.xml:118:13-66
	android:name
		ADDED from src\main\AndroidManifest.xml:117:13-58
activity#com.appgrade.sdk.view.InterstitialActivity
ADDED from src\main\AndroidManifest.xml:121:9-123:61
	android:theme
		ADDED from src\main\AndroidManifest.xml:123:13-59
	android:name
		ADDED from src\main\AndroidManifest.xml:122:13-70
activity#com.supersonicads.sdk.controller.ControllerActivity
ADDED from src\main\AndroidManifest.xml:126:9-129:50
	android:hardwareAccelerated
		ADDED from src\main\AndroidManifest.xml:129:13-47
	android:configChanges
		ADDED from src\main\AndroidManifest.xml:128:13-59
	android:name
		ADDED from src\main\AndroidManifest.xml:127:13-79
activity#com.supersonicads.sdk.controller.InterstitialActivity
ADDED from src\main\AndroidManifest.xml:130:9-134:64
	android:hardwareAccelerated
		ADDED from src\main\AndroidManifest.xml:133:13-47
	android:configChanges
		ADDED from src\main\AndroidManifest.xml:132:13-59
	android:theme
		ADDED from src\main\AndroidManifest.xml:134:13-61
	android:name
		ADDED from src\main\AndroidManifest.xml:131:13-81
activity#com.supersonicads.sdk.controller.OpenUrlActivity
ADDED from src\main\AndroidManifest.xml:135:9-139:64
	android:hardwareAccelerated
		ADDED from src\main\AndroidManifest.xml:138:13-47
	android:configChanges
		ADDED from src\main\AndroidManifest.xml:137:13-59
	android:theme
		ADDED from src\main\AndroidManifest.xml:139:13-61
	android:name
		ADDED from src\main\AndroidManifest.xml:136:13-76
activity#com.trialpay.android.views.webcontainer.WebContainerActivity
ADDED from src\main\AndroidManifest.xml:142:9-148:20
	android:hardwareAccelerated
		ADDED from src\main\AndroidManifest.xml:145:13-47
	android:windowSoftInputMode
		ADDED from src\main\AndroidManifest.xml:147:13-55
	android:configChanges
		ADDED from src\main\AndroidManifest.xml:144:13-151
	android:theme
		ADDED from src\main\AndroidManifest.xml:146:13-60
	android:name
		ADDED from src\main\AndroidManifest.xml:143:13-88
activity#com.trialpay.android.views.webcontainer.WebContainerPopupActivity
ADDED from src\main\AndroidManifest.xml:149:9-154:20
	android:hardwareAccelerated
		ADDED from src\main\AndroidManifest.xml:152:13-47
	android:configChanges
		ADDED from src\main\AndroidManifest.xml:151:13-151
	android:theme
		ADDED from src\main\AndroidManifest.xml:153:13-72
	android:name
		ADDED from src\main\AndroidManifest.xml:150:13-93
activity#com.trialpay.android.views.videocontainer.VideoContainerActivity
ADDED from src\main\AndroidManifest.xml:155:9-160:20
	android:hardwareAccelerated
		ADDED from src\main\AndroidManifest.xml:158:13-47
	android:configChanges
		ADDED from src\main\AndroidManifest.xml:157:13-151
	android:theme
		ADDED from src\main\AndroidManifest.xml:159:13-71
	android:name
		ADDED from src\main\AndroidManifest.xml:156:13-92
activity#ly.persona.sdk.OffersActivity
ADDED from src\main\AndroidManifest.xml:162:9-66
	android:name
		ADDED from src\main\AndroidManifest.xml:162:19-63
activity#com.tapjoy.TJAdUnitActivity
ADDED from src\main\AndroidManifest.xml:164:9-168:86
	android:hardwareAccelerated
		ADDED from src\main\AndroidManifest.xml:167:13-47
	android:configChanges
		ADDED from src\main\AndroidManifest.xml:166:13-74
	android:theme
		ADDED from src\main\AndroidManifest.xml:168:13-83
	android:name
		ADDED from src\main\AndroidManifest.xml:165:13-55
activity#com.tapjoy.mraid.view.ActionHandler
ADDED from src\main\AndroidManifest.xml:169:9-171:77
	android:configChanges
		ADDED from src\main\AndroidManifest.xml:171:13-74
	android:name
		ADDED from src\main\AndroidManifest.xml:170:13-63
activity#com.tapjoy.mraid.view.Browser
ADDED from src\main\AndroidManifest.xml:172:9-174:77
	android:configChanges
		ADDED from src\main\AndroidManifest.xml:174:13-74
	android:name
		ADDED from src\main\AndroidManifest.xml:173:13-57
activity#com.nativex.monetization.activities.InterstitialActivity
ADDED from src\main\AndroidManifest.xml:176:9-180:86
	android:hardwareAccelerated
		ADDED from src\main\AndroidManifest.xml:179:13-47
	android:configChanges
		ADDED from src\main\AndroidManifest.xml:178:13-59
	android:theme
		ADDED from src\main\AndroidManifest.xml:180:13-83
	android:name
		ADDED from src\main\AndroidManifest.xml:177:13-84
activity#com.nativex.videoplayer.VideoActivity
ADDED from src\main\AndroidManifest.xml:181:9-183:62
	android:configChanges
		ADDED from src\main\AndroidManifest.xml:183:13-59
	android:name
		ADDED from src\main\AndroidManifest.xml:182:13-65
activity#com.playerize.superrewards.activities.SRWebViewActivity
ADDED from src\main\AndroidManifest.xml:186:9-188:52
	android:screenOrientation
		ADDED from src\main\AndroidManifest.xml:188:13-49
	android:name
		ADDED from src\main\AndroidManifest.xml:187:13-83
activity#com.adscendmedia.sdk.ui.OffersActivity
ADDED from src\main\AndroidManifest.xml:191:9-194:20
	android:configChanges
		ADDED from src\main\AndroidManifest.xml:193:13-59
	android:name
		ADDED from src\main\AndroidManifest.xml:192:13-66
activity#com.jirbo.adcolony.AdColonyOverlay
ADDED from src\main\AndroidManifest.xml:197:9-200:86
	android:configChanges
		ADDED from src\main\AndroidManifest.xml:199:13-74
	android:theme
		ADDED from src\main\AndroidManifest.xml:200:13-83
	android:name
		ADDED from src\main\AndroidManifest.xml:198:13-62
activity#com.jirbo.adcolony.AdColonyFullscreen
ADDED from src\main\AndroidManifest.xml:201:9-204:80
	android:configChanges
		ADDED from src\main\AndroidManifest.xml:203:13-74
	android:theme
		ADDED from src\main\AndroidManifest.xml:204:13-77
	android:name
		ADDED from src\main\AndroidManifest.xml:202:13-65
activity#com.jirbo.adcolony.AdColonyBrowser
ADDED from src\main\AndroidManifest.xml:205:9-208:80
	android:configChanges
		ADDED from src\main\AndroidManifest.xml:207:13-74
	android:theme
		ADDED from src\main\AndroidManifest.xml:208:13-77
	android:name
		ADDED from src\main\AndroidManifest.xml:206:13-62
activity#com.vungle.publisher.FullScreenAdActivity
ADDED from src\main\AndroidManifest.xml:211:9-214:74
	android:configChanges
		ADDED from src\main\AndroidManifest.xml:213:13-74
	android:theme
		ADDED from src\main\AndroidManifest.xml:214:13-71
	android:name
		ADDED from src\main\AndroidManifest.xml:212:13-69
activity#com.vungle.publisher.VideoFullScreenAdActivity
ADDED from src\main\AndroidManifest.xml:217:9-221:73
	android:configChanges
		ADDED from src\main\AndroidManifest.xml:219:13-74
	android:theme
		ADDED from src\main\AndroidManifest.xml:221:13-71
	android:name
		ADDED from src\main\AndroidManifest.xml:217:19-80
activity#com.vungle.publisher.MraidFullScreenAdActivity
ADDED from src\main\AndroidManifest.xml:223:9-227:85
	android:configChanges
		ADDED from src\main\AndroidManifest.xml:225:13-74
	android:theme
		ADDED from src\main\AndroidManifest.xml:227:13-83
	android:name
		ADDED from src\main\AndroidManifest.xml:223:19-80
activity#net.adxmi.android.AdBrowser
ADDED from src\main\AndroidManifest.xml:230:9-234:20
	android:configChanges
		ADDED from src\main\AndroidManifest.xml:232:13-83
	android:theme
		ADDED from src\main\AndroidManifest.xml:233:13-66
	android:name
		ADDED from src\main\AndroidManifest.xml:231:13-55
service#net.adxmi.android.AdService
ADDED from src\main\AndroidManifest.xml:235:9-238:19
	android:exported
		ADDED from src\main\AndroidManifest.xml:237:13-37
	android:name
		ADDED from src\main\AndroidManifest.xml:236:13-55
service#net.adxmi.android.ExpService
ADDED from src\main\AndroidManifest.xml:241:9-244:19
	android:exported
		ADDED from src\main\AndroidManifest.xml:243:13-37
	android:name
		ADDED from src\main\AndroidManifest.xml:242:13-56
receiver#net.adxmi.android.AdReceiver
ADDED from src\main\AndroidManifest.xml:246:9-252:20
	android:name
		ADDED from src\main\AndroidManifest.xml:247:13-56
intent-filter#android.intent.action.PACKAGE_ADDED
ADDED from src\main\AndroidManifest.xml:248:13-251:29
action#android.intent.action.PACKAGE_ADDED
ADDED from src\main\AndroidManifest.xml:249:17-78
	android:name
		ADDED from src\main\AndroidManifest.xml:249:25-75
data
ADDED from src\main\AndroidManifest.xml:250:17-50
	android:scheme
		ADDED from src\main\AndroidManifest.xml:250:23-47
activity#com.heyzap.sdk.ads.HeyzapInterstitialActivity
ADDED from src\main\AndroidManifest.xml:253:9-163
	android:configChanges
		ADDED from src\main\AndroidManifest.xml:253:80-160
	android:name
		ADDED from src\main\AndroidManifest.xml:253:19-79
activity#com.heyzap.sdk.ads.HeyzapVideoActivity
ADDED from src\main\AndroidManifest.xml:254:9-156
	android:configChanges
		ADDED from src\main\AndroidManifest.xml:254:73-153
	android:name
		ADDED from src\main\AndroidManifest.xml:254:19-72
activity#com.heyzap.sdk.ads.HeyzapProxyActivity
ADDED from src\main\AndroidManifest.xml:255:9-75
	android:name
		ADDED from src\main\AndroidManifest.xml:255:19-72
activity#com.heyzap.sdk.ads.VASTActivity
ADDED from src\main\AndroidManifest.xml:256:9-149
	android:configChanges
		ADDED from src\main\AndroidManifest.xml:256:66-146
	android:name
		ADDED from src\main\AndroidManifest.xml:256:19-65
activity#com.heyzap.sdk.ads.MediationTestActivity
ADDED from src\main\AndroidManifest.xml:257:9-77
	android:name
		ADDED from src\main\AndroidManifest.xml:257:19-74
receiver#com.heyzap.sdk.ads.PackageAddedReceiver
ADDED from src\main\AndroidManifest.xml:258:9-263:20
	android:name
		ADDED from src\main\AndroidManifest.xml:258:19-73